<?xml version="1.0" encoding="UTF-8"?>
<testng-results ignored="0" total="1" passed="1" failed="0" skipped="0">
  <reporter-output>
  </reporter-output>
  <suite started-at="2020-01-22T09:07:55 IST" name="Suite" finished-at="2020-01-22T09:08:57 IST" duration-ms="61895">
    <groups>
    </groups>
    <test started-at="2020-01-22T09:07:55 IST" name="Test" finished-at="2020-01-22T09:08:57 IST" duration-ms="61895">
      <class name="demoqa.com.WindowRelated">
        <test-method is-config="true" signature="BrowserLunching()[pri:0, instance:demoqa.com.WindowRelated@2a32de6c]" started-at="2020-01-22T09:07:55 IST" name="BrowserLunching" finished-at="2020-01-22T09:08:47 IST" duration-ms="52028" status="PASS">
          <reporter-output>
          </reporter-output>
        </test-method> <!-- BrowserLunching -->
        <test-method signature="newWindowHandle()[pri:0, instance:demoqa.com.WindowRelated@2a32de6c]" started-at="2020-01-22T09:08:47 IST" name="newWindowHandle" finished-at="2020-01-22T09:08:55 IST" duration-ms="7992" status="PASS">
          <reporter-output>
          </reporter-output>
        </test-method> <!-- newWindowHandle -->
        <test-method is-config="true" signature="ClosingBrowser()[pri:0, instance:demoqa.com.WindowRelated@2a32de6c]" started-at="2020-01-22T09:08:55 IST" name="ClosingBrowser" finished-at="2020-01-22T09:08:57 IST" duration-ms="1409" status="PASS">
          <reporter-output>
          </reporter-output>
        </test-method> <!-- ClosingBrowser -->
      </class> <!-- demoqa.com.WindowRelated -->
    </test> <!-- Test -->
  </suite> <!-- Suite -->
</testng-results>
